<?xml version="1.0" encoding="UTF-8"?>
<bpmn:definitions xmlns:bpmn="http://www.omg.org/spec/BPMN/20100524/MODEL" xmlns:bpmndi="http://www.omg.org/spec/BPMN/20100524/DI" xmlns:di="http://www.omg.org/spec/DD/20100524/DI" xmlns:dc="http://www.omg.org/spec/DD/20100524/DC" xmlns:xsi="http://www.w3.org/2001/XMLSchema-instance" id="Definitions_1" targetNamespace="http://bpmn.io/schema/bpmn" exporter="Camunda Modeler" exporterVersion="1.0.0">
  <bpmn:process id="Process_1" isExecutable="false">
    <bpmn:startEvent id="StartEvent_1">
      <bpmn:outgoing>SequenceFlow_0cdcywi</bpmn:outgoing>
    </bpmn:startEvent>
    <bpmn:task id="Task_1l28cid" name="Test">
      <bpmn:incoming>SequenceFlow_0cdcywi</bpmn:incoming>
      <bpmn:outgoing>SequenceFlow_0ar62t3</bpmn:outgoing>
    </bpmn:task>
    <bpmn:sequenceFlow id="SequenceFlow_0cdcywi" sourceRef="StartEvent_1" targetRef="Task_1l28cid" />
    <bpmn:endEvent id="EndEvent_1om99uy">
      <bpmn:incoming>SequenceFlow_0ar62t3</bpmn:incoming>
    </bpmn:endEvent>
    <bpmn:sequenceFlow id="SequenceFlow_0ar62t3" sourceRef="Task_1l28cid" targetRef="EndEvent_1om99uy" />
  </bpmn:process>
  <bpmndi:BPMNDiagram id="BPMNDiagram_1">
    <bpmndi:BPMNPlane id="BPMNPlane_1" bpmnElement="Process_1">
      <bpmndi:BPMNShape id="_BPMNShape_StartEvent_2" bpmnElement="StartEvent_1">
        <dc:Bounds x="173" y="102" width="36" height="36" />
      </bpmndi:BPMNShape>
      <bpmndi:BPMNShape id="Task_1l28cid_di" bpmnElement="Task_1l28cid">
        <dc:Bounds x="285" y="80" width="100" height="80" />
      </bpmndi:BPMNShape>
      <bpmndi:BPMNEdge id="SequenceFlow_0cdcywi_di" bpmnElement="SequenceFlow_0cdcywi">
        <di:waypoint xsi:type="dc:Point" x="209" y="120" />
        <di:waypoint xsi:type="dc:Point" x="285" y="120" />
        <bpmndi:BPMNLabel>
          <dc:Bounds x="202" y="95" width="90" height="20" />
        </bpmndi:BPMNLabel>
      </bpmndi:BPMNEdge>
      <bpmndi:BPMNShape id="EndEvent_1om99uy_di" bpmnElement="EndEvent_1om99uy">
        <dc:Bounds x="489" y="102" width="36" height="36" />
        <bpmndi:BPMNLabel>
          <dc:Bounds x="462" y="138" width="90" height="20" />
        </bpmndi:BPMNLabel>
      </bpmndi:BPMNShape>
      <bpmndi:BPMNEdge id="SequenceFlow_0ar62t3_di" bpmnElement="SequenceFlow_0ar62t3">
        <di:waypoint xsi:type="dc:Point" x="385" y="120" />
        <di:waypoint xsi:type="dc:Point" x="489" y="120" />
        <bpmndi:BPMNLabel>
          <dc:Bounds x="392" y="95" width="90" height="20" />
        </bpmndi:BPMNLabel>
      </bpmndi:BPMNEdge>
    </bpmndi:BPMNPlane>
  </bpmndi:BPMNDiagram>
</bpmn:definitions>
